2025-03-13 10:36:34,228 - INFO - PPT按钮背景图片路径: W:\PY\ZNTppt\data_init\ppt_button_bg.jpg
2025-03-13 10:36:34,233 - INFO - PPT按钮使用 QPixmap 设置图标成功
2025-03-13 10:36:34,234 - INFO - PPT按钮背景URL: file:///W:/PY/ZNTppt/data_init/ppt_button_bg.jpg
2025-03-13 10:36:34,235 - INFO - Chart按钮背景图片路径: W:\PY\ZNTppt\data_init\chart_button_bg.jpg
2025-03-13 10:36:34,243 - INFO - Chart按钮使用 QPixmap 设置图标成功
2025-03-13 10:36:34,243 - INFO - Chart按钮背景URL: file:///W:/PY/ZNTppt/data_init/chart_button_bg.jpg
2025-03-13 10:39:21,739 - INFO - PPT按钮背景图片路径: W:\PY\ZNTppt\data_init\ppt_button_bg.jpg
2025-03-13 10:39:21,742 - INFO - PPT按钮使用 QPixmap 设置图标成功
2025-03-13 10:39:21,744 - INFO - PPT按钮背景URL: file:///W:/PY/ZNTppt/data_init/ppt_button_bg.jpg
2025-03-13 10:39:21,746 - INFO - Chart按钮背景图片路径: W:\PY\ZNTppt\data_init\chart_button_bg.jpg
2025-03-13 10:39:21,754 - INFO - Chart按钮使用 QPixmap 设置图标成功
2025-03-13 10:39:21,754 - INFO - Chart按钮背景URL: file:///W:/PY/ZNTppt/data_init/chart_button_bg.jpg
2025-03-13 10:43:29,021 - INFO - PPT按钮背景图片路径: W:\PY\ZNTppt\data_init\ppt_button_bg.jpg
2025-03-13 10:43:29,023 - INFO - PPT按钮使用 QPixmap 设置图标成功
2025-03-13 10:43:29,023 - INFO - PPT按钮背景URL: file:///W:/PY/ZNTppt/data_init/ppt_button_bg.jpg
2025-03-13 10:43:29,024 - INFO - Chart按钮背景图片路径: W:\PY\ZNTppt\data_init\chart_button_bg.jpg
2025-03-13 10:43:29,030 - INFO - Chart按钮使用 QPixmap 设置图标成功
2025-03-13 10:43:29,030 - INFO - Chart按钮背景URL: file:///W:/PY/ZNTppt/data_init/chart_button_bg.jpg
2025-03-13 10:51:38,505 - INFO - PPT按钮背景图片路径: W:\PY\ZNTppt\data_init\ppt_button_bg.jpg
2025-03-13 10:51:38,509 - INFO - PPT按钮使用 QPixmap 设置图标成功
2025-03-13 10:51:38,509 - INFO - PPT按钮背景URL: file:///W:/PY/ZNTppt/data_init/ppt_button_bg.jpg
2025-03-13 10:51:38,510 - INFO - Chart按钮背景图片路径: W:\PY\ZNTppt\data_init\chart_button_bg.jpg
2025-03-13 10:51:38,516 - INFO - Chart按钮使用 QPixmap 设置图标成功
2025-03-13 10:51:38,516 - INFO - Chart按钮背景URL: file:///W:/PY/ZNTppt/data_init/chart_button_bg.jpg
2025-03-13 10:57:22,620 - INFO - PPT按钮背景图片路径: W:\PY\ZNTppt\data_init\ppt_button_bg.jpg
2025-03-13 10:57:22,622 - INFO - PPT按钮使用 QPixmap 设置图标成功
2025-03-13 10:57:22,622 - INFO - PPT按钮背景URL: file:///W:/PY/ZNTppt/data_init/ppt_button_bg.jpg
2025-03-13 10:57:22,623 - INFO - Chart按钮背景图片路径: W:\PY\ZNTppt\data_init\chart_button_bg.jpg
2025-03-13 10:57:22,629 - INFO - Chart按钮使用 QPixmap 设置图标成功
2025-03-13 10:57:22,629 - INFO - Chart按钮背景URL: file:///W:/PY/ZNTppt/data_init/chart_button_bg.jpg
2025-03-13 10:59:34,088 - INFO - PPT按钮背景图片路径: W:\PY\ZNTppt\data_init\ppt_button_bg.jpg
2025-03-13 10:59:34,090 - INFO - PPT按钮使用 QPixmap 设置图标成功
2025-03-13 10:59:34,090 - INFO - PPT按钮背景URL: file:///W:/PY/ZNTppt/data_init/ppt_button_bg.jpg
2025-03-13 10:59:34,091 - INFO - Chart按钮背景图片路径: W:\PY\ZNTppt\data_init\chart_button_bg.jpg
2025-03-13 10:59:34,098 - INFO - Chart按钮使用 QPixmap 设置图标成功
2025-03-13 10:59:34,098 - INFO - Chart按钮背景URL: file:///W:/PY/ZNTppt/data_init/chart_button_bg.jpg
