2025-03-11 21:42:11,842 - INFO - PPT按钮背景图片路径: W:\PY\ZNTppt\data_init\ppt_button_bg.jpg
2025-03-11 21:42:11,842 - INFO - PPT按钮背景URL: file:///W:/PY/ZNTppt/data_init/ppt_button_bg.jpg
2025-03-11 21:42:11,843 - INFO - Chart按钮背景图片路径: W:\PY\ZNTppt\data_init\chart_button_bg.jpg
2025-03-11 21:42:11,843 - INFO - Chart按钮背景URL: file:///W:/PY/ZNTppt/data_init/chart_button_bg.jpg
2025-03-11 21:46:45,843 - INFO - PPT按钮背景图片路径: W:\PY\ZNTppt\data_init\ppt_button_bg.jpg
2025-03-11 21:48:19,973 - INFO - PPT按钮背景图片路径: W:\PY\ZNTppt\data_init\ppt_button_bg.jpg
2025-03-11 21:48:19,977 - INFO - PPT按钮使用 QPixmap 设置图标成功
2025-03-11 21:48:19,979 - INFO - PPT按钮背景URL: file:///W:/PY/ZNTppt/data_init/ppt_button_bg.jpg
2025-03-11 21:48:19,979 - INFO - Chart按钮背景图片路径: W:\PY\ZNTppt\data_init\chart_button_bg.jpg
2025-03-11 21:48:19,985 - INFO - Chart按钮使用 QPixmap 设置图标成功
2025-03-11 21:48:19,985 - INFO - Chart按钮背景URL: file:///W:/PY/ZNTppt/data_init/chart_button_bg.jpg
2025-03-11 21:58:55,120 - INFO - PPT按钮背景图片路径: W:\PY\ZNTppt\data_init\ppt_button_bg.jpg
2025-03-11 21:58:55,122 - INFO - PPT按钮使用 QPixmap 设置图标成功
2025-03-11 21:58:55,122 - INFO - PPT按钮背景URL: file:///W:/PY/ZNTppt/data_init/ppt_button_bg.jpg
2025-03-11 21:58:55,124 - INFO - Chart按钮背景图片路径: W:\PY\ZNTppt\data_init\chart_button_bg.jpg
2025-03-11 21:58:55,129 - INFO - Chart按钮使用 QPixmap 设置图标成功
2025-03-11 21:58:55,129 - INFO - Chart按钮背景URL: file:///W:/PY/ZNTppt/data_init/chart_button_bg.jpg
2025-03-11 22:06:04,944 - INFO - PPT按钮背景图片路径: W:\PY\ZNTppt\data_init\ppt_button_bg.jpg
2025-03-11 22:06:04,946 - INFO - PPT按钮使用 QPixmap 设置图标成功
2025-03-11 22:06:04,946 - INFO - PPT按钮背景URL: file:///W:/PY/ZNTppt/data_init/ppt_button_bg.jpg
2025-03-11 22:06:04,947 - INFO - Chart按钮背景图片路径: W:\PY\ZNTppt\data_init\chart_button_bg.jpg
2025-03-11 22:06:04,953 - INFO - Chart按钮使用 QPixmap 设置图标成功
2025-03-11 22:06:04,953 - INFO - Chart按钮背景URL: file:///W:/PY/ZNTppt/data_init/chart_button_bg.jpg
2025-03-11 22:09:36,003 - INFO - PPT按钮背景图片路径: W:\PY\ZNTppt\data_init\ppt_button_bg.jpg
2025-03-11 22:09:36,006 - INFO - PPT按钮使用 QPixmap 设置图标成功
2025-03-11 22:09:36,006 - INFO - PPT按钮背景URL: file:///W:/PY/ZNTppt/data_init/ppt_button_bg.jpg
2025-03-11 22:09:36,007 - INFO - Chart按钮背景图片路径: W:\PY\ZNTppt\data_init\chart_button_bg.jpg
2025-03-11 22:09:36,014 - INFO - Chart按钮使用 QPixmap 设置图标成功
2025-03-11 22:09:36,014 - INFO - Chart按钮背景URL: file:///W:/PY/ZNTppt/data_init/chart_button_bg.jpg
2025-03-11 22:10:40,130 - INFO - PPT按钮背景图片路径: W:\PY\ZNTppt\data_init\ppt_button_bg.jpg
2025-03-11 22:10:40,132 - INFO - PPT按钮使用 QPixmap 设置图标成功
2025-03-11 22:10:40,132 - INFO - PPT按钮背景URL: file:///W:/PY/ZNTppt/data_init/ppt_button_bg.jpg
2025-03-11 22:10:40,133 - INFO - Chart按钮背景图片路径: W:\PY\ZNTppt\data_init\chart_button_bg.jpg
2025-03-11 22:10:40,139 - INFO - Chart按钮使用 QPixmap 设置图标成功
2025-03-11 22:10:40,139 - INFO - Chart按钮背景URL: file:///W:/PY/ZNTppt/data_init/chart_button_bg.jpg
2025-03-11 22:10:57,797 - INFO - PPT按钮背景图片路径: W:\PY\ZNTppt\data_init\ppt_button_bg.jpg
2025-03-11 22:10:57,799 - INFO - PPT按钮使用 QPixmap 设置图标成功
2025-03-11 22:10:57,799 - INFO - PPT按钮背景URL: file:///W:/PY/ZNTppt/data_init/ppt_button_bg.jpg
2025-03-11 22:10:57,800 - INFO - Chart按钮背景图片路径: W:\PY\ZNTppt\data_init\chart_button_bg.jpg
2025-03-11 22:10:57,806 - INFO - Chart按钮使用 QPixmap 设置图标成功
2025-03-11 22:10:57,806 - INFO - Chart按钮背景URL: file:///W:/PY/ZNTppt/data_init/chart_button_bg.jpg
2025-03-11 22:18:00,832 - INFO - PPT按钮背景图片路径: W:\PY\ZNTppt\data_init\ppt_button_bg.jpg
2025-03-11 22:18:00,835 - INFO - PPT按钮使用 QPixmap 设置图标成功
2025-03-11 22:18:00,835 - INFO - PPT按钮背景URL: file:///W:/PY/ZNTppt/data_init/ppt_button_bg.jpg
2025-03-11 22:18:00,835 - INFO - Chart按钮背景图片路径: W:\PY\ZNTppt\data_init\chart_button_bg.jpg
2025-03-11 22:18:00,841 - INFO - Chart按钮使用 QPixmap 设置图标成功
2025-03-11 22:18:00,841 - INFO - Chart按钮背景URL: file:///W:/PY/ZNTppt/data_init/chart_button_bg.jpg
2025-03-11 22:19:13,416 - INFO - PPT按钮背景图片路径: W:\PY\ZNTppt\data_init\ppt_button_bg.jpg
2025-03-11 22:19:13,418 - INFO - PPT按钮使用 QPixmap 设置图标成功
2025-03-11 22:19:13,418 - INFO - PPT按钮背景URL: file:///W:/PY/ZNTppt/data_init/ppt_button_bg.jpg
2025-03-11 22:19:13,420 - INFO - Chart按钮背景图片路径: W:\PY\ZNTppt\data_init\chart_button_bg.jpg
2025-03-11 22:19:13,427 - INFO - Chart按钮使用 QPixmap 设置图标成功
2025-03-11 22:19:13,427 - INFO - Chart按钮背景URL: file:///W:/PY/ZNTppt/data_init/chart_button_bg.jpg
2025-03-11 22:21:42,628 - INFO - PPT按钮背景图片路径: W:\PY\ZNTppt\data_init\ppt_button_bg.jpg
2025-03-11 22:21:42,630 - INFO - PPT按钮使用 QPixmap 设置图标成功
2025-03-11 22:21:42,630 - INFO - PPT按钮背景URL: file:///W:/PY/ZNTppt/data_init/ppt_button_bg.jpg
2025-03-11 22:21:42,631 - INFO - Chart按钮背景图片路径: W:\PY\ZNTppt\data_init\chart_button_bg.jpg
2025-03-11 22:21:42,638 - INFO - Chart按钮使用 QPixmap 设置图标成功
2025-03-11 22:21:42,638 - INFO - Chart按钮背景URL: file:///W:/PY/ZNTppt/data_init/chart_button_bg.jpg
2025-03-11 22:24:38,253 - INFO - PPT按钮背景图片路径: W:\PY\ZNTppt\data_init\ppt_button_bg.jpg
2025-03-11 22:24:38,255 - INFO - PPT按钮使用 QPixmap 设置图标成功
2025-03-11 22:24:38,255 - INFO - PPT按钮背景URL: file:///W:/PY/ZNTppt/data_init/ppt_button_bg.jpg
2025-03-11 22:24:38,257 - INFO - Chart按钮背景图片路径: W:\PY\ZNTppt\data_init\chart_button_bg.jpg
2025-03-11 22:24:38,265 - INFO - Chart按钮使用 QPixmap 设置图标成功
2025-03-11 22:24:38,265 - INFO - Chart按钮背景URL: file:///W:/PY/ZNTppt/data_init/chart_button_bg.jpg
2025-03-11 22:28:56,295 - INFO - PPT按钮背景图片路径: W:\PY\ZNTppt\data_init\ppt_button_bg.jpg
2025-03-11 22:28:56,297 - INFO - PPT按钮使用 QPixmap 设置图标成功
2025-03-11 22:28:56,297 - INFO - PPT按钮背景URL: file:///W:/PY/ZNTppt/data_init/ppt_button_bg.jpg
2025-03-11 22:28:56,298 - INFO - Chart按钮背景图片路径: W:\PY\ZNTppt\data_init\chart_button_bg.jpg
2025-03-11 22:28:56,304 - INFO - Chart按钮使用 QPixmap 设置图标成功
2025-03-11 22:28:56,304 - INFO - Chart按钮背景URL: file:///W:/PY/ZNTppt/data_init/chart_button_bg.jpg
2025-03-11 22:31:04,830 - INFO - PPT按钮背景图片路径: W:\PY\ZNTppt\data_init\ppt_button_bg.jpg
2025-03-11 22:31:04,832 - INFO - PPT按钮使用 QPixmap 设置图标成功
2025-03-11 22:31:04,832 - INFO - PPT按钮背景URL: file:///W:/PY/ZNTppt/data_init/ppt_button_bg.jpg
2025-03-11 22:31:04,833 - INFO - Chart按钮背景图片路径: W:\PY\ZNTppt\data_init\chart_button_bg.jpg
2025-03-11 22:31:04,839 - INFO - Chart按钮使用 QPixmap 设置图标成功
2025-03-11 22:31:04,839 - INFO - Chart按钮背景URL: file:///W:/PY/ZNTppt/data_init/chart_button_bg.jpg
2025-03-11 22:36:47,676 - INFO - PPT按钮背景图片路径: W:\PY\ZNTppt\data_init\ppt_button_bg.jpg
2025-03-11 22:36:47,678 - INFO - PPT按钮使用 QPixmap 设置图标成功
2025-03-11 22:36:47,678 - INFO - PPT按钮背景URL: file:///W:/PY/ZNTppt/data_init/ppt_button_bg.jpg
2025-03-11 22:36:47,679 - INFO - Chart按钮背景图片路径: W:\PY\ZNTppt\data_init\chart_button_bg.jpg
2025-03-11 22:36:47,685 - INFO - Chart按钮使用 QPixmap 设置图标成功
2025-03-11 22:36:47,685 - INFO - Chart按钮背景URL: file:///W:/PY/ZNTppt/data_init/chart_button_bg.jpg
2025-03-11 22:46:46,984 - INFO - PPT按钮背景图片路径: W:\PY\ZNTppt\data_init\ppt_button_bg.jpg
2025-03-11 22:46:46,986 - INFO - PPT按钮使用 QPixmap 设置图标成功
2025-03-11 22:46:46,988 - INFO - PPT按钮背景URL: file:///W:/PY/ZNTppt/data_init/ppt_button_bg.jpg
2025-03-11 22:46:46,989 - INFO - Chart按钮背景图片路径: W:\PY\ZNTppt\data_init\chart_button_bg.jpg
2025-03-11 22:46:46,995 - INFO - Chart按钮使用 QPixmap 设置图标成功
2025-03-11 22:46:46,995 - INFO - Chart按钮背景URL: file:///W:/PY/ZNTppt/data_init/chart_button_bg.jpg
2025-03-11 22:50:55,142 - INFO - PPT按钮背景图片路径: W:\PY\ZNTppt\data_init\ppt_button_bg.jpg
2025-03-11 22:50:55,144 - INFO - PPT按钮使用 QPixmap 设置图标成功
2025-03-11 22:50:55,145 - INFO - PPT按钮背景URL: file:///W:/PY/ZNTppt/data_init/ppt_button_bg.jpg
2025-03-11 22:50:55,146 - INFO - Chart按钮背景图片路径: W:\PY\ZNTppt\data_init\chart_button_bg.jpg
2025-03-11 22:50:55,160 - INFO - Chart按钮使用 QPixmap 设置图标成功
2025-03-11 22:50:55,160 - INFO - Chart按钮背景URL: file:///W:/PY/ZNTppt/data_init/chart_button_bg.jpg
2025-03-11 22:51:14,632 - INFO - PPT按钮背景图片路径: W:\PY\ZNTppt\data_init\ppt_button_bg.jpg
2025-03-11 22:51:14,634 - INFO - PPT按钮使用 QPixmap 设置图标成功
2025-03-11 22:51:14,634 - INFO - PPT按钮背景URL: file:///W:/PY/ZNTppt/data_init/ppt_button_bg.jpg
2025-03-11 22:51:14,635 - INFO - Chart按钮背景图片路径: W:\PY\ZNTppt\data_init\chart_button_bg.jpg
2025-03-11 22:51:14,642 - INFO - Chart按钮使用 QPixmap 设置图标成功
2025-03-11 22:51:14,642 - INFO - Chart按钮背景URL: file:///W:/PY/ZNTppt/data_init/chart_button_bg.jpg
2025-03-11 22:52:56,564 - INFO - PPT按钮背景图片路径: W:\PY\ZNTppt\data_init\ppt_button_bg.jpg
2025-03-11 22:52:56,566 - INFO - PPT按钮使用 QPixmap 设置图标成功
2025-03-11 22:52:56,567 - INFO - PPT按钮背景URL: file:///W:/PY/ZNTppt/data_init/ppt_button_bg.jpg
2025-03-11 22:52:56,568 - INFO - Chart按钮背景图片路径: W:\PY\ZNTppt\data_init\chart_button_bg.jpg
2025-03-11 22:52:56,573 - INFO - Chart按钮使用 QPixmap 设置图标成功
2025-03-11 22:52:56,573 - INFO - Chart按钮背景URL: file:///W:/PY/ZNTppt/data_init/chart_button_bg.jpg
2025-03-11 22:57:49,101 - INFO - PPT按钮背景图片路径: W:\PY\ZNTppt\data_init\ppt_button_bg.jpg
2025-03-11 22:57:49,103 - INFO - PPT按钮使用 QPixmap 设置图标成功
2025-03-11 22:57:49,103 - INFO - PPT按钮背景URL: file:///W:/PY/ZNTppt/data_init/ppt_button_bg.jpg
2025-03-11 22:57:49,104 - INFO - Chart按钮背景图片路径: W:\PY\ZNTppt\data_init\chart_button_bg.jpg
2025-03-11 22:57:49,110 - INFO - Chart按钮使用 QPixmap 设置图标成功
2025-03-11 22:57:49,110 - INFO - Chart按钮背景URL: file:///W:/PY/ZNTppt/data_init/chart_button_bg.jpg
2025-03-11 22:58:02,731 - INFO - PPT按钮背景图片路径: W:\PY\ZNTppt\data_init\ppt_button_bg.jpg
2025-03-11 22:58:02,733 - INFO - PPT按钮使用 QPixmap 设置图标成功
2025-03-11 22:58:02,733 - INFO - PPT按钮背景URL: file:///W:/PY/ZNTppt/data_init/ppt_button_bg.jpg
2025-03-11 22:58:02,734 - INFO - Chart按钮背景图片路径: W:\PY\ZNTppt\data_init\chart_button_bg.jpg
2025-03-11 22:58:02,742 - INFO - Chart按钮使用 QPixmap 设置图标成功
2025-03-11 22:58:02,742 - INFO - Chart按钮背景URL: file:///W:/PY/ZNTppt/data_init/chart_button_bg.jpg
2025-03-11 22:58:15,191 - INFO - PPT按钮背景图片路径: W:\PY\ZNTppt\data_init\ppt_button_bg.jpg
2025-03-11 22:58:15,193 - INFO - PPT按钮使用 QPixmap 设置图标成功
2025-03-11 22:58:15,193 - INFO - PPT按钮背景URL: file:///W:/PY/ZNTppt/data_init/ppt_button_bg.jpg
2025-03-11 22:58:15,194 - INFO - Chart按钮背景图片路径: W:\PY\ZNTppt\data_init\chart_button_bg.jpg
2025-03-11 22:58:15,201 - INFO - Chart按钮使用 QPixmap 设置图标成功
2025-03-11 22:58:15,201 - INFO - Chart按钮背景URL: file:///W:/PY/ZNTppt/data_init/chart_button_bg.jpg
