2025-03-16 18:29:44,770 - ERROR - PPT按钮背景图片不存在: W:\PY\ZNTppt\old_version\data_init\ppt_button_bg.jpg
2025-03-16 18:29:44,770 - ERROR - Chart按钮背景图片不存在: W:\PY\ZNTppt\old_version\data_init\chart_button_bg.jpg
2025-03-16 18:30:23,354 - INFO - 初始化窗口大小: 1200x900
2025-03-16 18:30:23,354 - WARNING - Logo 文件不存在: ./data_init/logo.png
2025-03-16 18:30:24,245 - ERROR - PPT按钮背景图片不存在: W:\PY\ZNTppt\old_version\data_init\ppt_button_bg.jpg
2025-03-16 18:30:24,245 - ERROR - Chart按钮背景图片不存在: W:\PY\ZNTppt\old_version\data_init\chart_button_bg.jpg
2025-03-16 18:30:24,252 - INFO - 界面初始化完成
2025-03-16 18:30:24,483 - INFO - 窗口显示
2025-03-16 22:31:32,125 - INFO - 初始化窗口大小: 1200x900
2025-03-16 22:31:32,125 - WARNING - Logo 文件不存在: ./data_init/logo.png
2025-03-16 22:31:32,909 - ERROR - PPT按钮背景图片不存在: W:\PY\ZNTppt\old_version\data_init\ppt_button_bg.jpg
2025-03-16 22:31:32,910 - ERROR - Chart按钮背景图片不存在: W:\PY\ZNTppt\old_version\data_init\chart_button_bg.jpg
2025-03-16 22:31:32,914 - INFO - 界面初始化完成
2025-03-16 22:31:43,610 - INFO - 初始化窗口大小: 1200x900
2025-03-16 22:31:43,610 - WARNING - Logo 文件不存在: ./data_init/logo.png
2025-03-16 22:31:44,382 - ERROR - PPT按钮背景图片不存在: W:\PY\ZNTppt\old_version\data_init\ppt_button_bg.jpg
2025-03-16 22:31:44,382 - ERROR - Chart按钮背景图片不存在: W:\PY\ZNTppt\old_version\data_init\chart_button_bg.jpg
2025-03-16 22:31:44,388 - INFO - 界面初始化完成
2025-03-16 22:31:53,080 - INFO - 初始化窗口大小: 1200x900
2025-03-16 22:31:53,081 - WARNING - Logo 文件不存在: ./data_init/logo.png
2025-03-16 22:31:53,917 - ERROR - PPT按钮背景图片不存在: W:\PY\ZNTppt\old_version\data_init\ppt_button_bg.jpg
2025-03-16 22:31:53,917 - ERROR - Chart按钮背景图片不存在: W:\PY\ZNTppt\old_version\data_init\chart_button_bg.jpg
2025-03-16 22:31:53,925 - INFO - 界面初始化完成
2025-03-16 22:31:54,043 - INFO - 窗口显示
2025-03-16 22:48:44,585 - INFO - 初始化窗口大小: 1200x900
2025-03-16 22:48:44,586 - WARNING - Logo 文件不存在: ./data_init/logo.png
2025-03-16 22:48:45,472 - ERROR - PPT按钮背景图片不存在: W:\PY\ZNTppt\old_version\data_init\ppt_button_bg.jpg
2025-03-16 22:48:45,473 - ERROR - Chart按钮背景图片不存在: W:\PY\ZNTppt\old_version\data_init\chart_button_bg.jpg
2025-03-16 22:48:45,478 - INFO - 界面初始化完成
